
Login false con fecha: Sun Mar 06 11:23:20 CET 2022. Al usuario jesus le restaban 3 intentos.
Login false con fecha: Sun Mar 06 11:23:23 CET 2022. Al usuario jesus le restaban 2 intentos.
Login false con fecha: Sun Mar 06 11:26:34 CET 2022. Al usuario pepe le restaban 3 intentos.
Login false con fecha: Sun Mar 06 11:26:39 CET 2022. Al usuario pepe le restaban 2 intentos.
Login false con fecha: Sun Mar 06 11:27:26 CET 2022. Al usuario laura le restaban 3 intentos.
Login false con fecha: Sun Mar 06 11:27:28 CET 2022. Al usuario laura le restaban 2 intentos.
Login true con fecha: Sun Mar 06 11:27:32 CET 2022. Al usuario laura le restaban 1 intentos.
Login false con fecha: Sun Mar 06 11:27:42 CET 2022. Al usuario laura le restaban 3 intentos.
Login false con fecha: Sun Mar 06 11:27:44 CET 2022. Al usuario laura le restaban 2 intentos.
Login false con fecha: Sun Mar 06 11:27:45 CET 2022. Al usuario laura le restaban 1 intentos.
Login true con fecha: Sun Mar 06 11:28:15 CET 2022. Al usuario maria le restaban 3 intentos.
Login true con fecha: Sun Mar 06 16:30:41 CET 2022. Al usuario laura le restaban 3 intentos.
Login true con fecha: Sun Mar 06 16:31:37 CET 2022. Al usuario maria le restaban 3 intentos.
Login false con fecha: Sun Mar 06 16:31:53 CET 2022. Al usuario pepe le restaban 3 intentos.
Login false con fecha: Sun Mar 06 16:31:56 CET 2022. Al usuario pepe le restaban 2 intentos.
Login false con fecha: Sun Mar 06 16:31:58 CET 2022. Al usuario pepe le restaban 1 intentos.
Login true con fecha: Sun Mar 06 16:32:02 CET 2022. Al usuario maria le restaban 3 intentos.
Login false con fecha: Sun Mar 06 21:56:26 CET 2022. Al usuario manuel le restaban 3 intentos.
Login false con fecha: Sun Mar 06 21:57:18 CET 2022. Al usuario manuel le restaban 3 intentos.
Login false con fecha: Sun Mar 06 21:57:39 CET 2022. Al usuario manuel le restaban 2 intentos.
Login false con fecha: Sun Mar 06 21:57:41 CET 2022. Al usuario manuel le restaban 1 intentos.
Login true con fecha: Sun Mar 06 21:57:58 CET 2022. Al usuario pepe le restaban 3 intentos.
Login true con fecha: Sun Mar 06 21:58:04 CET 2022. Al usuario jesus le restaban 3 intentos.
Login false con fecha: Sun Mar 06 22:00:36 CET 2022. Al usuario maria le restaban 3 intentos.
Login false con fecha: Sun Mar 06 22:00:40 CET 2022. Al usuario maria le restaban 2 intentos.
Login true con fecha: Sun Mar 06 22:00:44 CET 2022. Al usuario maria le restaban 1 intentos.
Login true con fecha: Tue Mar 08 15:33:19 CET 2022. Al usuario jesus le restaban 3 intentos.
Login true con fecha: Tue Mar 08 15:33:42 CET 2022. Al usuario jesus le restaban 3 intentos.
Login true con fecha: Tue Mar 08 15:33:49 CET 2022. Al usuario pepe le restaban 3 intentos.
Login false con fecha: Tue Mar 08 15:34:00 CET 2022. Al usuario pepe le restaban 3 intentos.
Login false con fecha: Tue Mar 08 15:34:02 CET 2022. Al usuario pepe le restaban 2 intentos.
Login false con fecha: Tue Mar 08 15:34:04 CET 2022. Al usuario pepe le restaban 1 intentos.
Login true con fecha: Tue Mar 08 15:34:23 CET 2022. Al usuario maria le restaban 3 intentos.
